{
  "0 debug pnpm:scope": {
    "selected": 1,
    "workspacePrefix": "/home/stefan/HomeLaptop/Projects/simsustech/quasar-app-vite"
  },
  "1 error pnpm": {
    "code": "ELIFECYCLE",
    "errno": "ENOENT",
    "syscall": "spawn",
    "file": "sh",
    "pkgid": "@stefanvh/quasar-app-vite@0.7.3",
    "stage": "build",
    "script": "tsc",
    "pkgname": "@stefanvh/quasar-app-vite",
    "err": {
      "name": "pnpm",
      "message": "@stefanvh/quasar-app-vite@0.7.3 build: `tsc`\nspawn ENOENT",
      "code": "ELIFECYCLE",
      "stack": "pnpm: @stefanvh/quasar-app-vite@0.7.3 build: `tsc`\nspawn ENOENT\n    at ChildProcess.<anonymous> (/snapshot/dist/pnpm.cjs)\n    at ChildProcess.emit (events.js:376:20)\n    at maybeClose (internal/child_process.js:1055:16)\n    at Process.ChildProcess._handle.onexit (internal/child_process.js:288:5)"
    }
  },
  "2 warn pnpm:global": " Local package.json exists, but node_modules missing, did you mean to install?"
}